<?xml version="1.0" encoding="UTF-8"?>
<!-- Generated by org.testng.reporters.JUnitReportReporter -->
<testsuite hostname="MININT-DPNQ1NL" failures="0" tests="1" name="TestLayer.Groups" time="0.011" errors="0" timestamp="2021-09-30T15:39:14 IST" skipped="0">
  <testcase classname="TestLayer.Groups" name="amazon" time="0.011"/>
  <system-out/>
</testsuite> <!-- TestLayer.Groups -->
