<?xml version="1.0" encoding="UTF-8"?>
<!-- Generated by org.testng.reporters.JUnitReportReporter -->
<testsuite hostname="MININT-DPNQ1NL" failures="0" tests="4" name="FailedTest.Fail1" time="0.013" errors="0" timestamp="2021-10-21T13:43:50 IST" skipped="0">
  <testcase classname="FailedTest.Fail1" name="m1" time="0.008"/>
  <system-out/>
  <testcase classname="FailedTest.Fail1" name="m2" time="0.002"/>
  <system-out/>
  <testcase classname="FailedTest.Fail1" name="m3" time="0.002"/>
  <system-out/>
  <testcase classname="FailedTest.Fail1" name="m4" time="0.001"/>
  <system-out/>
</testsuite> <!-- FailedTest.Fail1 -->
