<?xml version="1.0" encoding="UTF-8"?>
<!-- Generated by org.testng.reporters.JUnitReportReporter -->
<testsuite hostname="MININT-DPNQ1NL" failures="0" tests="2" name="Tutorial.Demo1" time="0.008" errors="0" timestamp="23 Sep 2021 09:11:47 GMT" skipped="0">
  <testcase classname="Tutorial.Demo1" name="akshata" time="0.007"/>
  <testcase classname="Tutorial.Demo1" name="vinod" time="0.001"/>
</testsuite> <!-- Tutorial.Demo1 -->
