<?xml version="1.0" encoding="UTF-8"?>
<!-- Generated by org.testng.reporters.JUnitReportReporter -->
<testsuite hostname="MININT-DPNQ1NL" failures="0" tests="2" name="DataDriven.DataProvider1" time="33.393" errors="0" timestamp="2021-10-19T17:56:21 IST" skipped="0">
  <testcase classname="DataDriven.DataProvider1" name="freeCrmLogin" time="16.114"/>
  <system-out/>
  <testcase classname="DataDriven.DataProvider1" name="freeCrmLogin" time="17.279"/>
  <system-out/>
</testsuite> <!-- DataDriven.DataProvider1 -->
